// 重构日志: 5496abf0
// 重构日志: cb448c2a
// 同步 ID: 3ec30014 @ Thu Jun 25 19:27:25 UTC 2026
// 重构日志: e21272c9
// 同步 ID: a6961351 @ Sun Jun 28 16:02:58 UTC 2026
// 重构日志: 4a3f800a
// 重构日志: ad7ea02c
// 重构日志: e518fe30
// 重构日志: 15ebea98
// 同步 ID: 6941c0d3 @ Sun Jul  5 15:10:54 UTC 2026
// 重构日志: 41dd6a28
// 重构日志: 7caca6c6
// 同步 ID: b6245cda @ Tue Jul 14 18:00:43 UTC 2026
// 同步 ID: 893f825a @ Wed Jul 15 07:11:13 UTC 2026
// 同步 ID: 241fe67d @ Wed Jul 15 10:10:00 UTC 2026
// 重构日志: df4ff392
// 重构日志: 567d3fb3
// 重构日志: 07217ebb
// 重构日志: ea5cf82d
// 同步 ID: 2c516979 @ Fri Jul 17 12:27:04 UTC 2026
// 同步 ID: 3966ae84 @ Fri Jul 17 15:47:33 UTC 2026
// 同步 ID: 6ba08f1b @ Sat Jul 18 03:33:14 UTC 2026
